<?xml version="1.0" encoding="UTF-8"?>
<!-- Generated by org.testng.reporters.JUnitXMLReporter -->
<testsuite ignored="0" hostname="LalitKumar" failures="0" tests="6" name="Test" time="30.053" errors="0" timestamp="2026-09-13T19:23:39 IST">
  <testcase classname="testcases.AmazonSearchProductsTest" name="serachedProductPageOpened" time="11.166"/>
  <testcase classname="testcases.AmazonSearchProductsTest" name="clickOnRequiredProduct" time="0.412"/>
  <testcase classname="testcases.AmazonProductDetailsTest" name="VerifyProductDetailsAndAddToCart" time="11.862"/>
  <testcase classname="testcases.ShoppingCartTest" name="SearchForAProduct" time="1.091"/>
  <testcase classname="testcases.AmazonLoginTest" name="amazonLogin" time="4.844"/>
  <testcase classname="testcases.AmazonProductCheckoutTest" name="useAddress" time="0.258">
    <skipped/>
  </testcase> <!-- useAddress -->
</testsuite> <!-- Test -->
