<?xml version="1.0" encoding="UTF-8"?>
<!-- Generated by org.testng.reporters.JUnitReportReporter -->
<testsuite hostname="LalitKumar" failures="0" tests="2" name="testcases.AmazonSearchProductsTest" time="11.578" errors="0" timestamp="2026-09-13T19:23:39 IST" skipped="0">
  <testcase classname="testcases.AmazonSearchProductsTest" name="serachedProductPageOpened" time="11.166"/>
  <testcase classname="testcases.AmazonSearchProductsTest" name="clickOnRequiredProduct" time="0.412"/>
</testsuite> <!-- testcases.AmazonSearchProductsTest -->
